11:30:28 INFO  : Processing command line option -hwspec /usr9/research/chsegal/Documents/ECE153A/Artix7/lab3/backlitLCD/backlitLCD.sdk/SDK/SDK_Export/hw/system.xml.
11:32:49 ERROR : Unexpected error while launching program.
java.lang.NullPointerException
	at com.xilinx.sdk.debug.core.XilinxAppLaunchConfigurationDelegate.isFpgaConfigured(XilinxAppLaunchConfigurationDelegate.java:293)
	at com.xilinx.sdk.debug.core.XilinxAppLaunchConfigurationDelegate.launch(XilinxAppLaunchConfigurationDelegate.java:244)
	at com.xilinx.sdk.debug.ui.XilinxAppLaunchDelegateWrapper.launch(XilinxAppLaunchDelegateWrapper.java:31)
	at org.eclipse.debug.internal.core.LaunchConfiguration.launch(LaunchConfiguration.java:855)
	at org.eclipse.debug.internal.core.LaunchConfiguration.launch(LaunchConfiguration.java:704)
	at org.eclipse.debug.internal.ui.DebugUIPlugin.buildAndLaunch(DebugUIPlugin.java:1047)
	at org.eclipse.debug.internal.ui.DebugUIPlugin$8.run(DebugUIPlugin.java:1251)
	at org.eclipse.core.internal.jobs.Worker.run(Worker.java:54)
11:33:20 INFO  : FPGA configured successfully with bitstream "/usr9/research/chsegal/Documents/ECE153A/Artix7/lab3/backlitLCD/backlitLCD.sdk/SDK/SDK_Export/hw_platform_0/download.bit"
12:14:39 INFO  : FPGA configured successfully with bitstream "/usr9/research/chsegal/Documents/ECE153A/Artix7/lab3/backlitLCD/backlitLCD.sdk/SDK/SDK_Export/hw_platform_0/download.bit"
12:15:18 ERROR : Unexpected error while parsing XMD response ￿: com.google.gson.JsonSyntaxException: com.google.gson.stream.MalformedJsonException: invalid number or unquoted string near 
12:15:46 INFO  : Processing command line option -hwspec /usr9/research/chsegal/Documents/ECE153A/Artix7/lab3/backlitLCD/backlitLCD.sdk/SDK/SDK_Export/hw/system.xml.
12:16:02 ERROR : Unexpected error while launching program.
java.lang.NullPointerException
	at com.xilinx.sdk.debug.core.XilinxAppLaunchConfigurationDelegate.isFpgaConfigured(XilinxAppLaunchConfigurationDelegate.java:293)
	at com.xilinx.sdk.debug.core.XilinxAppLaunchConfigurationDelegate.launch(XilinxAppLaunchConfigurationDelegate.java:244)
	at com.xilinx.sdk.debug.ui.XilinxAppLaunchDelegateWrapper.launch(XilinxAppLaunchDelegateWrapper.java:31)
	at org.eclipse.debug.internal.core.LaunchConfiguration.launch(LaunchConfiguration.java:855)
	at org.eclipse.debug.internal.core.LaunchConfiguration.launch(LaunchConfiguration.java:704)
	at org.eclipse.debug.internal.ui.DebugUIPlugin.buildAndLaunch(DebugUIPlugin.java:1047)
	at org.eclipse.debug.internal.ui.DebugUIPlugin$8.run(DebugUIPlugin.java:1251)
	at org.eclipse.core.internal.jobs.Worker.run(Worker.java:54)
12:16:22 INFO  : FPGA configured successfully with bitstream "/usr9/research/chsegal/Documents/ECE153A/Artix7/lab3/backlitLCD/backlitLCD.sdk/SDK/SDK_Export/hw_platform_0/download.bit"
12:16:56 ERROR : Unexpected error while parsing XMD response ￿: com.google.gson.JsonSyntaxException: com.google.gson.stream.MalformedJsonException: invalid number or unquoted string near 
14:14:27 INFO  : Processing command line option -hwspec /usr9/research/chsegal/Documents/ECE153A/Artix7/lab3/backlitLCD/backlitLCD.sdk/SDK/SDK_Export/hw/system.xml.
14:14:31 INFO  : The hardware specification for project 'hw_platform_0' is different from /usr9/research/chsegal/Documents/ECE153A/Artix7/lab3/backlitLCD/backlitLCD.sdk/SDK/SDK_Export/hw/system.xml.
14:14:31 INFO  : Copied contents of /usr9/research/chsegal/Documents/ECE153A/Artix7/lab3/backlitLCD/backlitLCD.sdk/SDK/SDK_Export/hw/system.xml into /hw_platform_0/system.xml.
14:14:33 INFO  : Updating .bit and .bmm files from XPS's export folder.
14:14:41 INFO  : Copied contents of /usr9/research/chsegal/Documents/ECE153A/Artix7/lab3/backlitLCD/backlitLCD.sdk/SDK/SDK_Export/hw/system_wrapper.bit into /hw_platform_0/system_wrapper.bit.
14:14:41 INFO  : Copied contents of /usr9/research/chsegal/Documents/ECE153A/Artix7/lab3/backlitLCD/backlitLCD.sdk/SDK/SDK_Export/hw/system_wrapper_bd.bmm into /hw_platform_0/system_wrapper_bd.bmm.
14:14:42 INFO  : Copied contents of /usr9/research/chsegal/Documents/ECE153A/Artix7/lab3/backlitLCD/backlitLCD.sdk/SDK/SDK_Export/hw/system_wrapper.bit into /hw_platform_0/system_wrapper.bit.
14:14:42 INFO  : Copied contents of /usr9/research/chsegal/Documents/ECE153A/Artix7/lab3/backlitLCD/backlitLCD.sdk/SDK/SDK_Export/hw/system_wrapper_bd.bmm into /hw_platform_0/system_wrapper_bd.bmm.
14:14:48 INFO  : Synchronizing projects in the workspace with the hardware platform specification changes.
14:14:49 INFO  : 
14:14:50 INFO  : Updating hardware inferred compiler options for lcd.
14:14:50 INFO  : Clearing existing target manager status.
14:15:22 INFO  : FPGA configured successfully with bitstream "/usr9/research/chsegal/Documents/ECE153A/Artix7/lab3/backlitLCD/backlitLCD.sdk/SDK/SDK_Export/hw_platform_0/download.bit"
14:32:26 INFO  : Processor reset is completed for microblaze_0
14:32:45 INFO  : microblaze_0 Processor is in use. Please stop existing Run or Debug sessions before launching.
14:32:48 INFO  : Processor reset is completed for microblaze_0
14:34:05 INFO  : microblaze_0 Processor is in use. Please stop existing Run or Debug sessions before launching.
14:34:06 INFO  : Processor reset is completed for microblaze_0
14:34:22 INFO  : Processor reset is completed for microblaze_0
14:34:36 INFO  : Processor reset is completed for microblaze_0
14:34:46 INFO  : Processor reset is completed for microblaze_0
14:41:48 INFO  : microblaze_0 Processor is in use. Please stop existing Run or Debug sessions before launching.
14:41:49 INFO  : Processor reset is completed for microblaze_0
14:42:08 INFO  : Processor reset is completed for microblaze_0
14:42:28 INFO  : Processor reset is completed for microblaze_0
14:46:37 INFO  : Processor reset is completed for microblaze_0
14:47:07 INFO  : Processor reset is completed for microblaze_0
14:47:18 INFO  : Processor reset is completed for microblaze_0
14:47:55 INFO  : Processor reset is completed for microblaze_0
14:48:08 INFO  : Processor reset is completed for microblaze_0
14:48:20 INFO  : Processor reset is completed for microblaze_0
14:48:32 INFO  : Processor reset is completed for microblaze_0
14:48:45 INFO  : Processor reset is completed for microblaze_0
14:55:46 INFO  : FPGA configured successfully with bitstream "/usr9/research/chsegal/Documents/ECE153A/Artix7/lab3/backlitLCD/backlitLCD.sdk/SDK/SDK_Export/hw_platform_0/download.bit"
14:56:33 INFO  : Processor reset is completed for microblaze_0
14:56:49 ERROR : Unexpected error while parsing XMD response ￿: com.google.gson.JsonSyntaxException: com.google.gson.stream.MalformedJsonException: invalid number or unquoted string near 
14:57:25 INFO  : Processing command line option -hwspec /usr9/research/chsegal/Documents/ECE153A/Artix7/lab3/backlitLCD/backlitLCD.sdk/SDK/SDK_Export/hw/system.xml.
14:58:01 ERROR : Unexpected error while launching program.
java.lang.NullPointerException
	at com.xilinx.sdk.debug.core.XilinxAppLaunchConfigurationDelegate.isFpgaConfigured(XilinxAppLaunchConfigurationDelegate.java:293)
	at com.xilinx.sdk.debug.core.XilinxAppLaunchConfigurationDelegate.launch(XilinxAppLaunchConfigurationDelegate.java:244)
	at com.xilinx.sdk.debug.ui.XilinxAppLaunchDelegateWrapper.launch(XilinxAppLaunchDelegateWrapper.java:31)
	at org.eclipse.debug.internal.core.LaunchConfiguration.launch(LaunchConfiguration.java:855)
	at org.eclipse.debug.internal.core.LaunchConfiguration.launch(LaunchConfiguration.java:704)
	at org.eclipse.debug.internal.ui.DebugUIPlugin.buildAndLaunch(DebugUIPlugin.java:1047)
	at org.eclipse.debug.internal.ui.DebugUIPlugin$8.run(DebugUIPlugin.java:1251)
	at org.eclipse.core.internal.jobs.Worker.run(Worker.java:54)
14:58:13 INFO  : FPGA configured successfully with bitstream "/usr9/research/chsegal/Documents/ECE153A/Artix7/lab3/backlitLCD/backlitLCD.sdk/SDK/SDK_Export/hw_platform_0/download.bit"
14:59:17 ERROR : Unexpected error while parsing XMD response ￿: com.google.gson.JsonSyntaxException: com.google.gson.stream.MalformedJsonException: invalid number or unquoted string near 
14:59:39 INFO  : Processing command line option -hwspec /usr9/research/chsegal/Documents/ECE153A/Artix7/lab3/backlitLCD/backlitLCD.sdk/SDK/SDK_Export/hw/system.xml.
14:59:45 INFO  : The hardware specification for project 'hw_platform_0' is different from /usr9/research/chsegal/Documents/ECE153A/Artix7/lab3/backlitLCD/backlitLCD.sdk/SDK/SDK_Export/hw/system.xml.
14:59:45 INFO  : Copied contents of /usr9/research/chsegal/Documents/ECE153A/Artix7/lab3/backlitLCD/backlitLCD.sdk/SDK/SDK_Export/hw/system.xml into /hw_platform_0/system.xml.
14:59:52 INFO  : Copied contents of /usr9/research/chsegal/Documents/ECE153A/Artix7/lab3/backlitLCD/backlitLCD.sdk/SDK/SDK_Export/hw/system_wrapper.bit into /hw_platform_0/system_wrapper.bit.
14:59:57 INFO  : Copied contents of /usr9/research/chsegal/Documents/ECE153A/Artix7/lab3/backlitLCD/backlitLCD.sdk/SDK/SDK_Export/hw/system_wrapper_bd.bmm into /hw_platform_0/system_wrapper_bd.bmm.
15:00:03 INFO  : Synchronizing projects in the workspace with the hardware platform specification changes.
15:00:05 INFO  : 
15:00:06 INFO  : Updating hardware inferred compiler options for demoTriState.
15:00:07 INFO  : Updating hardware inferred compiler options for lcd.
15:00:07 INFO  : Clearing existing target manager status.
15:00:20 ERROR : Unexpected error while launching program.
java.lang.NullPointerException
	at com.xilinx.sdk.debug.core.XilinxAppLaunchConfigurationDelegate.isFpgaConfigured(XilinxAppLaunchConfigurationDelegate.java:293)
	at com.xilinx.sdk.debug.core.XilinxAppLaunchConfigurationDelegate.launch(XilinxAppLaunchConfigurationDelegate.java:244)
	at com.xilinx.sdk.debug.ui.XilinxAppLaunchDelegateWrapper.launch(XilinxAppLaunchDelegateWrapper.java:31)
	at org.eclipse.debug.internal.core.LaunchConfiguration.launch(LaunchConfiguration.java:855)
	at org.eclipse.debug.internal.core.LaunchConfiguration.launch(LaunchConfiguration.java:704)
	at org.eclipse.debug.internal.ui.DebugUIPlugin.buildAndLaunch(DebugUIPlugin.java:1047)
	at org.eclipse.debug.internal.ui.DebugUIPlugin$8.run(DebugUIPlugin.java:1251)
	at org.eclipse.core.internal.jobs.Worker.run(Worker.java:54)
15:00:31 ERROR : Unexpected error while parsing XMD response ￿: com.google.gson.JsonSyntaxException: com.google.gson.stream.MalformedJsonException: invalid number or unquoted string near 
15:08:28 INFO  : Processing command line option -hwspec /usr9/research/chsegal/Documents/ECE153A/Artix7/lab3/backlitLCD/backlitLCD.sdk/SDK/SDK_Export/hw/system.xml.
15:08:46 ERROR : Unexpected error while launching program.
java.lang.NullPointerException
	at com.xilinx.sdk.debug.core.XilinxAppLaunchConfigurationDelegate.isFpgaConfigured(XilinxAppLaunchConfigurationDelegate.java:293)
	at com.xilinx.sdk.debug.core.XilinxAppLaunchConfigurationDelegate.launch(XilinxAppLaunchConfigurationDelegate.java:244)
	at com.xilinx.sdk.debug.ui.XilinxAppLaunchDelegateWrapper.launch(XilinxAppLaunchDelegateWrapper.java:31)
	at org.eclipse.debug.internal.core.LaunchConfiguration.launch(LaunchConfiguration.java:855)
	at org.eclipse.debug.internal.core.LaunchConfiguration.launch(LaunchConfiguration.java:704)
	at org.eclipse.debug.internal.ui.DebugUIPlugin.buildAndLaunch(DebugUIPlugin.java:1047)
	at org.eclipse.debug.internal.ui.DebugUIPlugin$8.run(DebugUIPlugin.java:1251)
	at org.eclipse.core.internal.jobs.Worker.run(Worker.java:54)
15:09:32 INFO  : Processor reset is completed for microblaze_0
15:09:49 INFO  : microblaze_0 Processor is in use. Please stop existing Run or Debug sessions before launching.
15:09:51 INFO  : Processor reset is completed for microblaze_0
15:12:51 INFO  : Processor reset is completed for microblaze_0
15:13:47 INFO  : Processor reset is completed for microblaze_0
15:14:26 INFO  : Time out for XMD transaction is 60000
If you want to increase the timeout value, goto Windows-> Preferences -> Xilinx SDK -> XMD Startup
15:14:26 ERROR : Timeout occured while waiting to get reply for command "xdisconnect 0"
15:14:26 ERROR : Disconnect target failed.
15:14:58 INFO  : Processor reset is completed for microblaze_0
15:15:16 INFO  : microblaze_0 Processor is in use. Please stop existing Run or Debug sessions before launching.
15:15:18 INFO  : Processor reset is completed for microblaze_0
15:20:24 INFO  : Processor reset is completed for microblaze_0
15:23:51 INFO  : Processor reset is completed for microblaze_0
15:26:05 INFO  : Processor reset is completed for microblaze_0
15:30:48 INFO  : Processor reset is completed for microblaze_0
15:41:48 INFO  : Processor reset is completed for microblaze_0
15:42:37 INFO  : Processor reset is completed for microblaze_0
15:46:16 ERROR : Unexpected error while parsing XMD response ￿: com.google.gson.JsonSyntaxException: com.google.gson.stream.MalformedJsonException: invalid number or unquoted string near 
16:04:01 INFO  : Processing command line option -hwspec /usr9/research/chsegal/Documents/ECE153A/Artix7/lab3/backlitLCD/backlitLCD.sdk/SDK/SDK_Export/hw/system.xml.
16:04:06 INFO  : The hardware specification for project 'hw_platform_0' is different from /usr9/research/chsegal/Documents/ECE153A/Artix7/lab3/backlitLCD/backlitLCD.sdk/SDK/SDK_Export/hw/system.xml.
16:04:06 INFO  : Copied contents of /usr9/research/chsegal/Documents/ECE153A/Artix7/lab3/backlitLCD/backlitLCD.sdk/SDK/SDK_Export/hw/system.xml into /hw_platform_0/system.xml.
16:04:08 INFO  : Updating .bit and .bmm files from XPS's export folder.
16:04:16 INFO  : Copied contents of /usr9/research/chsegal/Documents/ECE153A/Artix7/lab3/backlitLCD/backlitLCD.sdk/SDK/SDK_Export/hw/system_wrapper.bit into /hw_platform_0/system_wrapper.bit.
16:04:21 INFO  : Copied contents of /usr9/research/chsegal/Documents/ECE153A/Artix7/lab3/backlitLCD/backlitLCD.sdk/SDK/SDK_Export/hw/system_wrapper_bd.bmm into /hw_platform_0/system_wrapper_bd.bmm.
16:04:28 INFO  : Copied contents of /usr9/research/chsegal/Documents/ECE153A/Artix7/lab3/backlitLCD/backlitLCD.sdk/SDK/SDK_Export/hw/system_wrapper.bit into /hw_platform_0/system_wrapper.bit.
16:04:28 INFO  : Copied contents of /usr9/research/chsegal/Documents/ECE153A/Artix7/lab3/backlitLCD/backlitLCD.sdk/SDK/SDK_Export/hw/system_wrapper_bd.bmm into /hw_platform_0/system_wrapper_bd.bmm.
16:04:28 INFO  : Synchronizing projects in the workspace with the hardware platform specification changes.
16:04:35 INFO  : 
16:04:36 INFO  : Updating hardware inferred compiler options for demoTriState.
16:04:37 INFO  : Updating hardware inferred compiler options for lcd.
16:04:37 INFO  : Clearing existing target manager status.
16:06:00 INFO  : Processor reset is completed for microblaze_0
16:06:59 INFO  : Processor reset is completed for microblaze_0
16:08:44 INFO  : Processor reset is completed for microblaze_0
16:10:55 INFO  : Time out for XMD transaction is 60000
If you want to increase the timeout value, goto Windows-> Preferences -> Xilinx SDK -> XMD Startup
16:10:55 ERROR : Timeout occured while waiting to get reply for command "xdisconnect 0"
16:10:55 ERROR : Disconnect target failed.
16:16:56 INFO  : Processor reset is completed for microblaze_0
16:18:09 INFO  : Time out for XMD transaction is 60000
If you want to increase the timeout value, goto Windows-> Preferences -> Xilinx SDK -> XMD Startup
16:18:09 ERROR : Timeout occured while waiting to get reply for command "xdisconnect 0"
16:18:09 ERROR : Disconnect target failed.
16:18:16 INFO  : Processor reset is completed for microblaze_0
16:19:39 INFO  : Time out for XMD transaction is 60000
If you want to increase the timeout value, goto Windows-> Preferences -> Xilinx SDK -> XMD Startup
16:19:39 ERROR : Timeout occured while waiting to get reply for command "xdisconnect 0"
16:19:39 ERROR : Disconnect target failed.
16:21:24 INFO  : Processor reset is completed for microblaze_0
16:22:43 INFO  : Time out for XMD transaction is 60000
If you want to increase the timeout value, goto Windows-> Preferences -> Xilinx SDK -> XMD Startup
16:22:43 ERROR : Timeout occured while waiting to get reply for command "xdisconnect 0"
16:22:43 ERROR : Disconnect target failed.
16:23:04 INFO  : Processor reset is completed for microblaze_0
16:24:31 INFO  : Time out for XMD transaction is 60000
If you want to increase the timeout value, goto Windows-> Preferences -> Xilinx SDK -> XMD Startup
16:24:31 ERROR : Timeout occured while waiting to get reply for command "xdisconnect 0"
16:24:31 ERROR : Disconnect target failed.
16:24:59 INFO  : Processor reset is completed for microblaze_0
16:26:09 INFO  : Time out for XMD transaction is 60000
If you want to increase the timeout value, goto Windows-> Preferences -> Xilinx SDK -> XMD Startup
16:26:09 ERROR : Timeout occured while waiting to get reply for command "xdisconnect 0"
16:26:09 ERROR : Disconnect target failed.
16:26:13 INFO  : FPGA configured successfully with bitstream "/usr9/research/chsegal/Documents/ECE153A/Artix7/lab3/backlitLCD/backlitLCD.sdk/SDK/SDK_Export/hw_platform_0/download.bit"
16:26:28 INFO  : Processor reset is completed for microblaze_0
16:26:45 INFO  : Processor reset is completed for microblaze_0
16:27:37 INFO  : Time out for XMD transaction is 60000
If you want to increase the timeout value, goto Windows-> Preferences -> Xilinx SDK -> XMD Startup
16:27:37 ERROR : Timeout occured while waiting to get reply for command "xdisconnect 0"
16:27:37 ERROR : Disconnect target failed.
16:39:40 INFO  : Time out for XMD transaction is 60000
If you want to increase the timeout value, goto Windows-> Preferences -> Xilinx SDK -> XMD Startup
16:39:40 ERROR : Timeout occured while waiting to get reply for command "xdisconnect 0"
16:39:40 ERROR : Disconnect target failed.
16:40:44 INFO  : Processor reset is completed for microblaze_0
16:42:03 INFO  : Time out for XMD transaction is 60000
If you want to increase the timeout value, goto Windows-> Preferences -> Xilinx SDK -> XMD Startup
16:42:03 ERROR : Timeout occured while waiting to get reply for command "xdisconnect 0"
16:42:03 ERROR : Disconnect target failed.
10:53:44 INFO  : FPGA configured successfully with bitstream "/usr9/research/chsegal/Documents/ECE153A/Artix7/lab3/backlitLCD/backlitLCD.sdk/SDK/SDK_Export/hw_platform_0/download.bit"
11:23:02 INFO  : Processor reset is completed for microblaze_0
11:23:57 INFO  : Processor reset is completed for microblaze_0
11:26:32 INFO  : Processor reset is completed for microblaze_0
11:27:15 INFO  : Processor reset is completed for microblaze_0
11:30:02 INFO  : Processor reset is completed for microblaze_0
11:30:44 INFO  : Processor reset is completed for microblaze_0
11:31:36 INFO  : Time out for XMD transaction is 60000
If you want to increase the timeout value, goto Windows-> Preferences -> Xilinx SDK -> XMD Startup
11:31:36 ERROR : Timeout occured while waiting to get reply for command "xdisconnect 0"
11:31:36 ERROR : Disconnect target failed.
11:32:13 INFO  : Processor reset is completed for microblaze_0
11:33:35 INFO  : Time out for XMD transaction is 60000
If you want to increase the timeout value, goto Windows-> Preferences -> Xilinx SDK -> XMD Startup
11:33:35 ERROR : Timeout occured while waiting to get reply for command "xdisconnect 0"
11:33:35 ERROR : Disconnect target failed.
11:34:10 INFO  : Processor reset is completed for microblaze_0
11:43:45 INFO  : microblaze_0 Processor is in use. Please stop existing Run or Debug sessions before launching.
11:43:47 INFO  : Processor reset is completed for microblaze_0
11:45:57 INFO  : microblaze_0 Processor is in use. Please stop existing Run or Debug sessions before launching.
11:46:00 INFO  : Processor reset is completed for microblaze_0
11:52:17 INFO  : microblaze_0 Processor is in use. Please stop existing Run or Debug sessions before launching.
11:52:19 INFO  : Processor reset is completed for microblaze_0
13:18:51 INFO  : microblaze_0 Processor is in use. Please stop existing Run or Debug sessions before launching.
13:18:53 INFO  : Processor reset is completed for microblaze_0
13:19:42 INFO  : Processor reset is completed for microblaze_0
14:06:47 INFO  : Processor reset is completed for microblaze_0
14:08:17 INFO  : Processor reset is completed for microblaze_0
14:11:37 INFO  : Processor reset is completed for microblaze_0
14:15:01 INFO  : Processor reset is completed for microblaze_0
14:17:39 INFO  : Processor reset is completed for microblaze_0
14:23:13 INFO  : microblaze_0 Processor is in use. Please stop existing Run or Debug sessions before launching.
14:23:14 INFO  : Processor reset is completed for microblaze_0
14:24:33 INFO  : Processor reset is completed for microblaze_0
14:26:51 INFO  : microblaze_0 Processor is in use. Please stop existing Run or Debug sessions before launching.
14:26:52 INFO  : Processor reset is completed for microblaze_0
14:28:37 INFO  : Processor reset is completed for microblaze_0
14:32:08 INFO  : Processor reset is completed for microblaze_0
14:59:09 INFO  : Processor reset is completed for microblaze_0
15:08:11 INFO  : Processor reset is completed for microblaze_0
15:13:49 INFO  : Processor reset is completed for microblaze_0
15:14:01 INFO  : Processor reset is completed for microblaze_0
15:14:09 INFO  : Processor reset is completed for microblaze_0
15:14:39 INFO  : Processor reset is completed for microblaze_0
15:14:59 INFO  : Processor reset is completed for microblaze_0
15:17:38 INFO  : Processor reset is completed for microblaze_0
15:21:21 INFO  : Processor reset is completed for microblaze_0
15:21:57 INFO  : Processor reset is completed for microblaze_0
15:28:56 INFO  : Processor reset is completed for microblaze_0
15:31:20 INFO  : Processor reset is completed for microblaze_0
15:35:16 INFO  : Processor reset is completed for microblaze_0
15:38:01 INFO  : Processor reset is completed for microblaze_0
15:52:20 INFO  : Processor reset is completed for microblaze_0
16:39:24 INFO  : FPGA Cable Disconnected. All active launches will be terminated.
11:15:08 ERROR : Unexpected error while parsing XMD response ￿: com.google.gson.JsonSyntaxException: com.google.gson.stream.MalformedJsonException: invalid number or unquoted string near 
13:20:11 INFO  : Processing command line option -hwspec /usr9/research/chsegal/Documents/ECE153A/Artix7/lab3/backlitLCD/backlitLCD.sdk/SDK/SDK_Export/hw/system.xml.
13:20:13 INFO  : The hardware specification for project 'hw_platform_0' is different from /usr9/research/chsegal/Documents/ECE153A/Artix7/lab3/backlitLCD/backlitLCD.sdk/SDK/SDK_Export/hw/system.xml.
13:20:13 INFO  : Copied contents of /usr9/research/chsegal/Documents/ECE153A/Artix7/lab3/backlitLCD/backlitLCD.sdk/SDK/SDK_Export/hw/system.xml into /hw_platform_0/system.xml.
13:20:14 INFO  : Copied contents of /usr9/research/chsegal/Documents/ECE153A/Artix7/lab3/backlitLCD/backlitLCD.sdk/SDK/SDK_Export/hw/system_wrapper.bit into /hw_platform_0/system_wrapper.bit.
13:20:14 INFO  : Copied contents of /usr9/research/chsegal/Documents/ECE153A/Artix7/lab3/backlitLCD/backlitLCD.sdk/SDK/SDK_Export/hw/system_wrapper_bd.bmm into /hw_platform_0/system_wrapper_bd.bmm.
13:20:24 INFO  : Synchronizing projects in the workspace with the hardware platform specification changes.
13:20:25 INFO  : 
13:20:27 INFO  : Updating hardware inferred compiler options for demoTriState.
13:20:27 INFO  : Updating hardware inferred compiler options for lcd.
13:20:27 INFO  : Clearing existing target manager status.
13:20:32 INFO  : Closing and re-opening the MSS file of ther project lcd_bsp
13:22:43 INFO  : FPGA configured successfully with bitstream "/usr9/research/chsegal/Documents/ECE153A/Artix7/lab3/backlitLCD/backlitLCD.sdk/SDK/SDK_Export/hw_platform_0/download.bit"
13:23:45 INFO  : FPGA configured successfully with bitstream "/usr9/research/chsegal/Documents/ECE153A/Artix7/lab3/backlitLCD/backlitLCD.sdk/SDK/SDK_Export/hw_platform_0/download.bit"
13:24:31 INFO  : Processor reset is completed for microblaze_0
13:34:30 ERROR : Unexpected error while parsing XMD response ￿: com.google.gson.JsonSyntaxException: com.google.gson.stream.MalformedJsonException: invalid number or unquoted string near 
13:35:56 INFO  : Processing command line option -hwspec /usr9/research/chsegal/Documents/ECE153A/Artix7/lab3/backlitLCD/backlitLCD.sdk/SDK/SDK_Export/hw/system.xml.
13:36:00 INFO  : The hardware specification for project 'hw_platform_0' is different from /usr9/research/chsegal/Documents/ECE153A/Artix7/lab3/backlitLCD/backlitLCD.sdk/SDK/SDK_Export/hw/system.xml.
13:36:01 INFO  : Copied contents of /usr9/research/chsegal/Documents/ECE153A/Artix7/lab3/backlitLCD/backlitLCD.sdk/SDK/SDK_Export/hw/system.xml into /hw_platform_0/system.xml.
13:36:09 INFO  : Copied contents of /usr9/research/chsegal/Documents/ECE153A/Artix7/lab3/backlitLCD/backlitLCD.sdk/SDK/SDK_Export/hw/system_wrapper.bit into /hw_platform_0/system_wrapper.bit.
13:36:09 INFO  : Copied contents of /usr9/research/chsegal/Documents/ECE153A/Artix7/lab3/backlitLCD/backlitLCD.sdk/SDK/SDK_Export/hw/system_wrapper_bd.bmm into /hw_platform_0/system_wrapper_bd.bmm.
13:36:10 INFO  : Synchronizing projects in the workspace with the hardware platform specification changes.
13:36:16 INFO  : 
13:36:18 INFO  : Updating hardware inferred compiler options for demoTriState.
13:36:19 INFO  : Updating hardware inferred compiler options for lcd.
13:36:19 INFO  : Clearing existing target manager status.
13:42:29 ERROR : Unexpected error while parsing XMD response ￿: com.google.gson.JsonSyntaxException: com.google.gson.stream.MalformedJsonException: invalid number or unquoted string near 
12:08:15 INFO  : Processing command line option -hwspec /usr9/research/chsegal/Documents/ECE153A/Artix7/lab3/backlitLCD/backlitLCD.sdk/SDK/SDK_Export/hw/system.xml.
12:08:35 INFO  : FPGA configured successfully with bitstream "/usr9/research/chsegal/Documents/ECE153A/Artix7/lab3/backlitLCD/backlitLCD.sdk/SDK/SDK_Export/hw_platform_0/download.bit"
12:08:47 INFO  : Processor reset is completed for microblaze_0
15:13:31 INFO  : FPGA Cable Disconnected. All active launches will be terminated.
15:04:13 ERROR : Unexpected error while parsing XMD response ￿: com.google.gson.JsonSyntaxException: com.google.gson.stream.MalformedJsonException: invalid number or unquoted string near 
14:09:09 ERROR : Checking FPGA configuration failed..Connection to Board Failed


    Unknown Error Occured
    Cable is not connected to the host

14:09:09 ERROR : Unexpected error while launching program.
com.xilinx.sdk.targetmanager.TMException: Connection to Board Failed


    Unknown Error Occured
    Cable is not connected to the host

	at com.xilinx.sdk.targetmanager.internal.TM.isFPGAConfigured(TM.java:379)
	at com.xilinx.sdk.debug.core.XilinxAppLaunchConfigurationDelegate.isFpgaConfigured(XilinxAppLaunchConfigurationDelegate.java:296)
	at com.xilinx.sdk.debug.core.XilinxAppLaunchConfigurationDelegate.launch(XilinxAppLaunchConfigurationDelegate.java:244)
	at com.xilinx.sdk.debug.ui.XilinxAppLaunchDelegateWrapper.launch(XilinxAppLaunchDelegateWrapper.java:31)
	at org.eclipse.debug.internal.core.LaunchConfiguration.launch(LaunchConfiguration.java:855)
	at org.eclipse.debug.internal.core.LaunchConfiguration.launch(LaunchConfiguration.java:704)
	at org.eclipse.debug.internal.ui.DebugUIPlugin.buildAndLaunch(DebugUIPlugin.java:1047)
	at org.eclipse.debug.internal.ui.DebugUIPlugin$8.run(DebugUIPlugin.java:1251)
	at org.eclipse.core.internal.jobs.Worker.run(Worker.java:54)
14:53:52 ERROR : Checking FPGA configuration failed..Connection to Board Failed


    Unknown Error Occured
    Cable is not connected to the host

14:53:52 ERROR : Unexpected error while launching program.
com.xilinx.sdk.targetmanager.TMException: Connection to Board Failed


    Unknown Error Occured
    Cable is not connected to the host

	at com.xilinx.sdk.targetmanager.internal.TM.isFPGAConfigured(TM.java:379)
	at com.xilinx.sdk.debug.core.XilinxAppLaunchConfigurationDelegate.isFpgaConfigured(XilinxAppLaunchConfigurationDelegate.java:296)
	at com.xilinx.sdk.debug.core.XilinxAppLaunchConfigurationDelegate.launch(XilinxAppLaunchConfigurationDelegate.java:244)
	at com.xilinx.sdk.debug.ui.XilinxAppLaunchDelegateWrapper.launch(XilinxAppLaunchDelegateWrapper.java:31)
	at org.eclipse.debug.internal.core.LaunchConfiguration.launch(LaunchConfiguration.java:855)
	at org.eclipse.debug.internal.core.LaunchConfiguration.launch(LaunchConfiguration.java:704)
	at org.eclipse.debug.internal.ui.DebugUIPlugin.buildAndLaunch(DebugUIPlugin.java:1047)
	at org.eclipse.debug.internal.ui.DebugUIPlugin$8.run(DebugUIPlugin.java:1251)
	at org.eclipse.core.internal.jobs.Worker.run(Worker.java:54)
11:08:15 ERROR : Unexpected error while parsing XMD response ￿: com.google.gson.JsonSyntaxException: com.google.gson.stream.MalformedJsonException: invalid number or unquoted string near 
17:22:51 INFO  : Processing command line option -hwspec /usr9/research/chsegal/Documents/ECE153A/Artix7/lab3/backlitLCD/backlitLCD.sdk/SDK/SDK_Export/hw/system.xml.
17:22:52 INFO  : The hardware specification for project 'hw_platform_0' is different from /usr9/research/chsegal/Documents/ECE153A/Artix7/lab3/backlitLCD/backlitLCD.sdk/SDK/SDK_Export/hw/system.xml.
17:22:52 INFO  : Copied contents of /usr9/research/chsegal/Documents/ECE153A/Artix7/lab3/backlitLCD/backlitLCD.sdk/SDK/SDK_Export/hw/system.xml into /hw_platform_0/system.xml.
17:22:57 INFO  : Updating .bit and .bmm files from XPS's export folder.
17:23:10 INFO  : Copied contents of /usr9/research/chsegal/Documents/ECE153A/Artix7/lab3/backlitLCD/backlitLCD.sdk/SDK/SDK_Export/hw/system_wrapper.bit into /hw_platform_0/system.bit.
17:23:10 ERROR : Unexpected exception while copying file /usr9/research/chsegal/Documents/ECE153A/Artix7/lab3/backlitLCD/backlitLCD.sdk/SDK/SDK_Export/hw/system_wrapper.bit: org.eclipse.core.internal.resources.ResourceException: Resource '/hw_platform_0/system.bit' already exists.
17:23:15 INFO  : Updating .bit and .bmm files from XPS's export folder.
